Build started 27/02/2015 17:21:01.
     1>Project "E:\Dropbox\Year 3\Game Dev\GameDevCoursework\GameDev\GameDev\GameDev.vcxproj" on node 2 (Build target(s)).
     1>ClCompile:
         C:\Program Files (x86)\Microsoft Visual Studio 12.0\VC\bin\CL.exe /c /I"E:\Dropbox\Year 3\Game Dev\GameDevCoursework\GameDev\Dependencies\bullet\src" /Zi /nologo /W3 /WX- /sdl /O2 /Oi /Oy- /GL /D _MBCS /Gm- /EHsc /MDd /GS /Gy /fp:precise /Zc:wchar_t /Zc:forScope /Fo"Release\\" /Fd"Release\vc120.pdb" /Gd /TP /analyze- /errorReport:prompt AudioManager.cpp Camera.cpp CoreEngine.cpp GameComponent.cpp GameObject.cpp GameState.cpp GameTimer.cpp IntroState.cpp main.cpp MainMenuState.cpp Matrix3.cpp Matrix4.cpp Mesh.cpp MeshManager.cpp Quaternion.cpp RenderComponent.cpp RenderObject.cpp SettingState.cpp SFMLRenderer.cpp Shader.cpp ShaderManager.cpp State.cpp TextureManager.cpp
         AudioManager.cpp
         Camera.cpp
         CoreEngine.cpp
     1>CoreEngine.cpp(40): warning C4244: 'initializing' : conversion from 'double' to 'const float', possible loss of data
         GameComponent.cpp
         GameObject.cpp
         GameState.cpp
         GameTimer.cpp
         IntroState.cpp
         main.cpp
         MainMenuState.cpp
         Matrix3.cpp
         Matrix4.cpp
         Mesh.cpp
         MeshManager.cpp
         Quaternion.cpp
         RenderComponent.cpp
         RenderObject.cpp
         SettingState.cpp
         SFMLRenderer.cpp
         Shader.cpp
         Compiling...
         ShaderManager.cpp
         State.cpp
         TextureManager.cpp
       Link:
         C:\Program Files (x86)\Microsoft Visual Studio 12.0\VC\bin\link.exe /ERRORREPORT:PROMPT /OUT:"E:\Dropbox\Year 3\Game Dev\GameDevCoursework\GameDev\Release\GameDev.exe" /NOLOGO glew32.lib glew32s.lib SOIL.lib opengl32.lib BulletDynamics_vs2010_debug.lib BulletCollision_vs2010_debug.lib LinearMath_vs2010_debug.lib "sfml-graphics.lib" "sfml-window.lib" "sfml-system.lib" "sfml-audio.lib" kernel32.lib user32.lib gdi32.lib winspool.lib comdlg32.lib advapi32.lib shell32.lib ole32.lib oleaut32.lib uuid.lib odbc32.lib odbccp32.lib /MANIFEST /MANIFESTUAC:"level='asInvoker' uiAccess='false'" /manifest:embed /DEBUG /PDB:"E:\Dropbox\Year 3\Game Dev\GameDevCoursework\GameDev\Release\GameDev.pdb" /OPT:REF /OPT:ICF /LTCG /TLBID:1 /DYNAMICBASE /NXCOMPAT /IMPLIB:"E:\Dropbox\Year 3\Game Dev\GameDevCoursework\GameDev\Release\GameDev.lib" /MACHINE:X86 /SAFESEH Release\AudioManager.obj
         Release\Camera.obj
         Release\CoreEngine.obj
         Release\GameComponent.obj
         Release\GameObject.obj
         Release\GameState.obj
         Release\GameTimer.obj
         Release\IntroState.obj
         Release\main.obj
         Release\MainMenuState.obj
         Release\Matrix3.obj
         Release\Matrix4.obj
         Release\Mesh.obj
         Release\MeshManager.obj
         Release\Quaternion.obj
         Release\RenderComponent.obj
         Release\RenderObject.obj
         Release\SettingState.obj
         Release\SFMLRenderer.obj
         Release\Shader.obj
         Release\ShaderManager.obj
         Release\State.obj
         Release\TextureManager.obj
     1>LINK : fatal error C1047: The object or library file 'E:\Dropbox\Year 3\Game Dev\GameDevCoursework\GameDev\Dependencies\soil\Release\SOIL.lib' was created with an older compiler than other objects; rebuild old objects and libraries
     1>LINK : fatal error LNK1257: code generation failed
     1>Done Building Project "E:\Dropbox\Year 3\Game Dev\GameDevCoursework\GameDev\GameDev\GameDev.vcxproj" (Build target(s)) -- FAILED.

Build FAILED.

Time Elapsed 00:00:10.70
