e:\dropbox\year 3\game dev\includingdependencies\gamedev\gamedev\debug\vc120.pdb
e:\dropbox\year 3\game dev\includingdependencies\gamedev\gamedev\debug\vc120.idb
e:\dropbox\year 3\game dev\includingdependencies\gamedev\gamedev\debug\gameengine.obj
e:\dropbox\year 3\game dev\includingdependencies\gamedev\gamedev\debug\gamestate.obj
e:\dropbox\year 3\game dev\includingdependencies\gamedev\gamedev\debug\introstate.obj
e:\dropbox\year 3\game dev\includingdependencies\gamedev\gamedev\debug\main.obj
e:\dropbox\year 3\game dev\includingdependencies\gamedev\gamedev\debug\mainmenustate.obj
e:\dropbox\year 3\game dev\includingdependencies\gamedev\gamedev\debug\matrix3.obj
e:\dropbox\year 3\game dev\includingdependencies\gamedev\gamedev\debug\matrix4.obj
e:\dropbox\year 3\game dev\includingdependencies\gamedev\gamedev\debug\mesh.obj
e:\dropbox\year 3\game dev\includingdependencies\gamedev\gamedev\debug\quaternion.obj
e:\dropbox\year 3\game dev\includingdependencies\gamedev\gamedev\debug\renderer.obj
e:\dropbox\year 3\game dev\includingdependencies\gamedev\gamedev\debug\settingstate.obj
e:\dropbox\year 3\game dev\includingdependencies\gamedev\gamedev\debug\sfmlrenderer.obj
e:\dropbox\year 3\game dev\includingdependencies\gamedev\gamedev\debug\shader.obj
e:\dropbox\year 3\game dev\includingdependencies\gamedev\gamedev\debug\renderobject.obj
e:\dropbox\year 3\game dev\includingdependencies\gamedev\gamedev\debug\state.obj
e:\dropbox\year 3\game dev\gamedevcoursework\gamedev\gamedev\debug\vc120.pdb
e:\dropbox\year 3\game dev\gamedevcoursework\gamedev\gamedev\debug\vc120.idb
e:\dropbox\year 3\game dev\gamedevcoursework\gamedev\gamedev\debug\gameengine.obj
e:\dropbox\year 3\game dev\gamedevcoursework\gamedev\gamedev\debug\gamestate.obj
e:\dropbox\year 3\game dev\gamedevcoursework\gamedev\gamedev\debug\introstate.obj
e:\dropbox\year 3\game dev\gamedevcoursework\gamedev\gamedev\debug\main.obj
e:\dropbox\year 3\game dev\gamedevcoursework\gamedev\gamedev\debug\mainmenustate.obj
e:\dropbox\year 3\game dev\gamedevcoursework\gamedev\gamedev\debug\matrix3.obj
e:\dropbox\year 3\game dev\gamedevcoursework\gamedev\gamedev\debug\matrix4.obj
e:\dropbox\year 3\game dev\gamedevcoursework\gamedev\gamedev\debug\mesh.obj
e:\dropbox\year 3\game dev\gamedevcoursework\gamedev\gamedev\debug\quaternion.obj
e:\dropbox\year 3\game dev\gamedevcoursework\gamedev\gamedev\debug\renderobject.obj
e:\dropbox\year 3\game dev\gamedevcoursework\gamedev\gamedev\debug\settingstate.obj
e:\dropbox\year 3\game dev\gamedevcoursework\gamedev\gamedev\debug\sfmlrenderer.obj
e:\dropbox\year 3\game dev\gamedevcoursework\gamedev\gamedev\debug\shader.obj
e:\dropbox\year 3\game dev\gamedevcoursework\gamedev\gamedev\debug\state.obj
e:\dropbox\year 3\game dev\gamedevcoursework\gamedev\gamedev\debug\game.obj
e:\dropbox\year 3\game dev\gamedevcoursework\gamedev\gamedev\debug\resourcemanager.obj
e:\dropbox\year 3\game dev\gamedevcoursework\gamedev\gamedev\debug\texturemanager.obj
e:\dropbox\year 3\game dev\gamedevcoursework\gamedev\gamedev\debug\shadermanager.obj
e:\dropbox\year 3\game dev\includingdependencies\gamedev\debug\gamedev.ilk
e:\dropbox\year 3\game dev\includingdependencies\gamedev\debug\gamedev.exe
e:\dropbox\year 3\game dev\includingdependencies\gamedev\debug\gamedev.pdb
e:\dropbox\year 3\game dev\gamedevcoursework\gamedev\debug\gamedev.ilk
e:\dropbox\year 3\game dev\gamedevcoursework\gamedev\debug\gamedev.exe
e:\dropbox\year 3\game dev\gamedevcoursework\gamedev\debug\gamedev.pdb
e:\dropbox\year 3\game dev\gamedevcoursework\gamedev\gamedev\debug\renderer.obj
e:\dropbox\year 3\game dev\gamedevcoursework\gamedev\gamedev\debug\gamedev.tlog\cl.command.1.tlog
e:\dropbox\year 3\game dev\gamedevcoursework\gamedev\gamedev\debug\gamedev.tlog\cl.read.1.tlog
e:\dropbox\year 3\game dev\gamedevcoursework\gamedev\gamedev\debug\gamedev.tlog\cl.write.1.tlog
e:\dropbox\year 3\game dev\gamedevcoursework\gamedev\gamedev\debug\gamedev.tlog\link.command.1.tlog
e:\dropbox\year 3\game dev\gamedevcoursework\gamedev\gamedev\debug\gamedev.tlog\link.read.1.tlog
e:\dropbox\year 3\game dev\gamedevcoursework\gamedev\gamedev\debug\gamedev.tlog\link.write.1.tlog
