Build started 28/02/2015 14:17:08.
     1>Project "E:\Dropbox\Year 3\Game Dev\GameDevCoursework\GameDev\GameDev\GameDev.vcxproj" on node 2 (Build target(s)).
     1>ClCompile:
         C:\Program Files (x86)\Microsoft Visual Studio 12.0\VC\bin\CL.exe /c /I"E:\Dropbox\Year 3\Game Dev\GameDevCoursework\GameDev\Dependencies\bullet\src" /ZI /nologo /W3 /WX- /sdl /Od /Oy- /D _MBCS /Gm /EHsc /RTC1 /MDd /GS /fp:precise /Zc:wchar_t /Zc:forScope /Fo"Debug\\" /Fd"Debug\vc120.pdb" /Gd /TP /analyze- /errorReport:prompt CoreEngine.cpp GameState.cpp
         GameState.cpp
         Generating Code...
         Compiling...
         CoreEngine.cpp
     1>e:\dropbox\year 3\game dev\gamedevcoursework\gamedev\gamedev\coreengine.cpp(40): warning C4244: 'initializing' : conversion from 'double' to 'const float', possible loss of data
         Generating Code...
       Link:
         C:\Program Files (x86)\Microsoft Visual Studio 12.0\VC\bin\link.exe /ERRORREPORT:PROMPT /OUT:"E:\Dropbox\Year 3\Game Dev\GameDevCoursework\GameDev\Debug\GameDev.exe" /INCREMENTAL /NOLOGO glew32.lib glew32s.lib SOIL.lib opengl32.lib "sfml-graphics-d.lib" "sfml-window-d.lib" "sfml-system-d.lib" "sfml-audio-d.lib" kernel32.lib user32.lib gdi32.lib winspool.lib comdlg32.lib advapi32.lib shell32.lib ole32.lib oleaut32.lib uuid.lib odbc32.lib odbccp32.lib /MANIFEST /MANIFESTUAC:"level='asInvoker' uiAccess='false'" /manifest:embed /DEBUG /PDB:"E:\Dropbox\Year 3\Game Dev\GameDevCoursework\GameDev\Debug\GameDev.pdb" /TLBID:1 /DYNAMICBASE /NXCOMPAT /IMPLIB:"E:\Dropbox\Year 3\Game Dev\GameDevCoursework\GameDev\Debug\GameDev.lib" /MACHINE:X86 Debug\AudioManager.obj
         Debug\Camera.obj
         Debug\CoreEngine.obj
         Debug\CubeObject.obj
         Debug\GameObject.obj
         Debug\GameState.obj
         Debug\GameTimer.obj
         Debug\IntroState.obj
         Debug\main.obj
         Debug\MainMenuState.obj
         Debug\Matrix3.obj
         Debug\Matrix4.obj
         Debug\Mesh.obj
         Debug\MeshManager.obj
         Debug\PhysicsObject.obj
         Debug\Quaternion.obj
         Debug\RenderObject.obj
         Debug\SettingState.obj
         Debug\SFMLRenderer.obj
         Debug\Shader.obj
         Debug\ShaderManager.obj
         Debug\SphereObject.obj
         Debug\State.obj
         Debug\TextureManager.obj
         Debug\World.obj
         "E:\Dropbox\Year 3\Game Dev\GameDevCoursework\GameDev\Dependencies\bullet\lib\BulletCollision_vs2010_debug.lib"
         "E:\Dropbox\Year 3\Game Dev\GameDevCoursework\GameDev\Dependencies\bullet\lib\BulletDynamics_vs2010_debug.lib"
         "E:\Dropbox\Year 3\Game Dev\GameDevCoursework\GameDev\Dependencies\bullet\lib\LinearMath_vs2010_debug.lib"
     1>SOIL.lib(image_DXT.obj) : warning LNK4099: PDB 'vc100.pdb' was not found with 'SOIL.lib(image_DXT.obj)' or at 'E:\Dropbox\Year 3\Game Dev\GameDevCoursework\GameDev\Debug\vc100.pdb'; linking object as if no debug info
     1>SOIL.lib(image_helper.obj) : warning LNK4099: PDB 'vc100.pdb' was not found with 'SOIL.lib(image_helper.obj)' or at 'E:\Dropbox\Year 3\Game Dev\GameDevCoursework\GameDev\Debug\vc100.pdb'; linking object as if no debug info
     1>SOIL.lib(SOIL.obj) : warning LNK4099: PDB 'vc100.pdb' was not found with 'SOIL.lib(SOIL.obj)' or at 'E:\Dropbox\Year 3\Game Dev\GameDevCoursework\GameDev\Debug\vc100.pdb'; linking object as if no debug info
     1>SOIL.lib(stb_image_aug.obj) : warning LNK4099: PDB 'vc100.pdb' was not found with 'SOIL.lib(stb_image_aug.obj)' or at 'E:\Dropbox\Year 3\Game Dev\GameDevCoursework\GameDev\Debug\vc100.pdb'; linking object as if no debug info
         GameDev.vcxproj -> E:\Dropbox\Year 3\Game Dev\GameDevCoursework\GameDev\Debug\GameDev.exe
     1>Done Building Project "E:\Dropbox\Year 3\Game Dev\GameDevCoursework\GameDev\GameDev\GameDev.vcxproj" (Build target(s)).

Build succeeded.

Time Elapsed 00:00:03.31
